# JRE version: Java(TM) SE Runtime Environment (8.0_171-b11) (build 1.8.0_171-b11)
# Java VM: Java HotSpot(TM) 64-Bit Server VM (25.171-b11 mixed mode linux-amd64 compressed oops)
Heap:
 PSYoungGen      total 105472K, used 63508K [0x00000000f5580000, 0x00000000ff180000, 0x0000000100000000)
  eden space 88064K, 52% used [0x00000000f5580000,0x00000000f8295ca0,0x00000000fab80000)
  from space 17408K, 99% used [0x00000000fab80000,0x00000000fbc6f360,0x00000000fbc80000)
  to   space 35328K, 0% used [0x00000000fcf00000,0x00000000fcf00000,0x00000000ff180000)
 ParOldGen       total 325120K, used 110315K [0x00000000e0000000, 0x00000000f3d80000, 0x00000000f5580000)
  object space 325120K, 33% used [0x00000000e0000000,0x00000000e6bbad80,0x00000000f3d80000)
 Metaspace       used 114992K, capacity 128090K, committed 128384K, reserved 1159168K
  class space    used 15065K, capacity 19021K, committed 19072K, reserved 1048576K
GC Heap History (10 events):
Event: 228,121 GC heap before
{Heap before GC invocations=545 (full 88):
 PSYoungGen      total 123392K, used 32483K [0x00000000f5580000, 0x00000000ffa80000, 0x0000000100000000)
  eden space 86016K, 0% used [0x00000000f5580000,0x00000000f5580000,0x00000000fa980000)
  from space 37376K, 86% used [0x00000000fa980000,0x00000000fc938e60,0x00000000fce00000)
  to   space 40960K, 0% used [0x00000000fd280000,0x00000000fd280000,0x00000000ffa80000)
 ParOldGen       total 298496K, used 86040K [0x00000000e0000000, 0x00000000f2380000, 0x00000000f5580000)
  object space 298496K, 28% used [0x00000000e0000000,0x00000000e5406098,0x00000000f2380000)
 Metaspace       used 87609K, capacity 98166K, committed 98304K, reserved 1132544K
  class space    used 11400K, capacity 14487K, committed 14592K, reserved 1048576K
Event: 228,444 GC heap after
Heap after GC invocations=545 (full 88):
 PSYoungGen      total 123392K, used 0K [0x00000000f5580000, 0x00000000ffa80000, 0x0000000100000000)
  eden space 86016K, 0% used [0x00000000f5580000,0x00000000f5580000,0x00000000fa980000)
  from space 37376K, 0% used [0x00000000fa980000,0x00000000fa980000,0x00000000fce00000)
  to   space 40960K, 0% used [0x00000000fd280000,0x00000000fd280000,0x00000000ffa80000)
 ParOldGen       total 325120K, used 110283K [0x00000000e0000000, 0x00000000f3d80000, 0x00000000f5580000)
  object space 325120K, 33% used [0x00000000e0000000,0x00000000e6bb2d80,0x00000000f3d80000)
 Metaspace       used 87597K, capacity 98148K, committed 98304K, reserved 1132544K
  class space    used 11398K, capacity 14484K, committed 14592K, reserved 1048576K
}
Event: 234,286 GC heap before
{Heap before GC invocations=546 (full 88):
 PSYoungGen      total 123392K, used 86016K [0x00000000f5580000, 0x00000000ffa80000, 0x0000000100000000)
  eden space 86016K, 100% used [0x00000000f5580000,0x00000000fa980000,0x00000000fa980000)
  from space 37376K, 0% used [0x00000000fa980000,0x00000000fa980000,0x00000000fce00000)
  to   space 40960K, 0% used [0x00000000fd280000,0x00000000fd280000,0x00000000ffa80000)
 ParOldGen       total 325120K, used 110283K [0x00000000e0000000, 0x00000000f3d80000, 0x00000000f5580000)
  object space 325120K, 33% used [0x00000000e0000000,0x00000000e6bb2d80,0x00000000f3d80000)
 Metaspace       used 94141K, capacity 104756K, committed 105088K, reserved 1138688K
  class space    used 12234K, capacity 15411K, committed 15488K, reserved 1048576K
Event: 234,309 GC heap after
Heap after GC invocations=546 (full 88):
 PSYoungGen      total 125952K, used 12889K [0x00000000f5580000, 0x00000000ff880000, 0x0000000100000000)
  eden space 87040K, 0% used [0x00000000f5580000,0x00000000f5580000,0x00000000faa80000)
  from space 38912K, 33% used [0x00000000fd280000,0x00000000fdf164e8,0x00000000ff880000)
  to   space 39936K, 0% used [0x00000000faa80000,0x00000000faa80000,0x00000000fd180000)
 ParOldGen       total 325120K, used 110291K [0x00000000e0000000, 0x00000000f3d80000, 0x00000000f5580000)
  object space 325120K, 33% used [0x00000000e0000000,0x00000000e6bb4d80,0x00000000f3d80000)
 Metaspace       used 94141K, capacity 104756K, committed 105088K, reserved 1138688K
  class space    used 12234K, capacity 15411K, committed 15488K, reserved 1048576K
}
Event: 244,523 GC heap before
{Heap before GC invocations=547 (full 88):
 PSYoungGen      total 125952K, used 99929K [0x00000000f5580000, 0x00000000ff880000, 0x0000000100000000)
  eden space 87040K, 100% used [0x00000000f5580000,0x00000000faa80000,0x00000000faa80000)
  from space 38912K, 33% used [0x00000000fd280000,0x00000000fdf164e8,0x00000000ff880000)
  to   space 39936K, 0% used [0x00000000faa80000,0x00000000faa80000,0x00000000fd180000)
 ParOldGen       total 325120K, used 110291K [0x00000000e0000000, 0x00000000f3d80000, 0x00000000f5580000)
  object space 325120K, 33% used [0x00000000e0000000,0x00000000e6bb4d80,0x00000000f3d80000)
 Metaspace       used 104299K, capacity 115950K, committed 115968K, reserved 1148928K
  class space    used 13664K, capacity 17134K, committed 17152K, reserved 1048576K
Event: 244,552 GC heap after
Heap after GC invocations=547 (full 88):
 PSYoungGen      total 126976K, used 21424K [0x00000000f5580000, 0x00000000ff780000, 0x0000000100000000)
  eden space 87040K, 0% used [0x00000000f5580000,0x00000000f5580000,0x00000000faa80000)
  from space 39936K, 53% used [0x00000000faa80000,0x00000000fbf6c310,0x00000000fd180000)
  to   space 38912K, 0% used [0x00000000fd180000,0x00000000fd180000,0x00000000ff780000)
 ParOldGen       total 325120K, used 110299K [0x00000000e0000000, 0x00000000f3d80000, 0x00000000f5580000)
  object space 325120K, 33% used [0x00000000e0000000,0x00000000e6bb6d80,0x00000000f3d80000)
 Metaspace       used 104299K, capacity 115950K, committed 115968K, reserved 1148928K
  class space    used 13664K, capacity 17134K, committed 17152K, reserved 1048576K
}
Event: 250,508 GC heap before
{Heap before GC invocations=548 (full 88):
 PSYoungGen      total 126976K, used 108464K [0x00000000f5580000, 0x00000000ff780000, 0x0000000100000000)
  eden space 87040K, 100% used [0x00000000f5580000,0x00000000faa80000,0x00000000faa80000)
  from space 39936K, 53% used [0x00000000faa80000,0x00000000fbf6c310,0x00000000fd180000)
  to   space 38912K, 0% used [0x00000000fd180000,0x00000000fd180000,0x00000000ff780000)
 ParOldGen       total 325120K, used 110299K [0x00000000e0000000, 0x00000000f3d80000, 0x00000000f5580000)
  object space 325120K, 33% used [0x00000000e0000000,0x00000000e6bb6d80,0x00000000f3d80000)
 Metaspace       used 113906K, capacity 126516K, committed 126848K, reserved 1157120K
  class space    used 14930K, capacity 18763K, committed 18816K, reserved 1048576K
Event: 250,547 GC heap after
Heap after GC invocations=548 (full 88):
 PSYoungGen      total 122880K, used 19503K [0x00000000f5580000, 0x00000000ff380000, 0x0000000100000000)
  eden space 88064K, 0% used [0x00000000f5580000,0x00000000f5580000,0x00000000fab80000)
  from space 34816K, 56% used [0x00000000fd180000,0x00000000fe48bea0,0x00000000ff380000)
  to   space 36864K, 0% used [0x00000000fab80000,0x00000000fab80000,0x00000000fcf80000)
 ParOldGen       total 325120K, used 110307K [0x00000000e0000000, 0x00000000f3d80000, 0x00000000f5580000)
  object space 325120K, 33% used [0x00000000e0000000,0x00000000e6bb8d80,0x00000000f3d80000)
 Metaspace       used 113906K, capacity 126516K, committed 126848K, reserved 1157120K
  class space    used 14930K, capacity 18763K, committed 18816K, reserved 1048576K
}
Event: 252,366 GC heap before
{Heap before GC invocations=549 (full 88):
 PSYoungGen      total 122880K, used 107567K [0x00000000f5580000, 0x00000000ff380000, 0x0000000100000000)
  eden space 88064K, 100% used [0x00000000f5580000,0x00000000fab80000,0x00000000fab80000)
  from space 34816K, 56% used [0x00000000fd180000,0x00000000fe48bea0,0x00000000ff380000)
  to   space 36864K, 0% used [0x00000000fab80000,0x00000000fab80000,0x00000000fcf80000)
 ParOldGen       total 325120K, used 110307K [0x00000000e0000000, 0x00000000f3d80000, 0x00000000f5580000)
  object space 325120K, 33% used [0x00000000e0000000,0x00000000e6bb8d80,0x00000000f3d80000)
 Metaspace       used 114221K, capacity 126870K, committed 127232K, reserved 1157120K
  class space    used 14981K, capacity 18837K, committed 18944K, reserved 1048576K
Event: 252,391 GC heap after
Heap after GC invocations=549 (full 88):
 PSYoungGen      total 105472K, used 17340K [0x00000000f5580000, 0x00000000ff180000, 0x0000000100000000)
  eden space 88064K, 0% used [0x00000000f5580000,0x00000000f5580000,0x00000000fab80000)
  from space 17408K, 99% used [0x00000000fab80000,0x00000000fbc6f360,0x00000000fbc80000)
  to   space 35328K, 0% used [0x00000000fcf00000,0x00000000fcf00000,0x00000000ff180000)
 ParOldGen       total 325120K, used 110315K [0x00000000e0000000, 0x00000000f3d80000, 0x00000000f5580000)
  object space 325120K, 33% used [0x00000000e0000000,0x00000000e6bbad80,0x00000000f3d80000)
 Metaspace       used 114221K, capacity 126870K, committed 127232K, reserved 1157120K
  class space    used 14981K, capacity 18837K, committed 18944K, reserved 1048576K
}

